<?xml version="1.0" encoding="UTF-8"?>
<!-- Generated by org.testng.reporters.JUnitReportReporter -->
<testsuite hostname="DESKTOP-EG5QUVK" failures="0" tests="1" name="nestestng.Testng" time="1.855" errors="0" timestamp="2023-01-08T23:14:22 CST" skipped="0">
  <testcase classname="nestestng.Testng" name="testes" time="1.855"/>
  <system-out/>
</testsuite> <!-- nestestng.Testng -->
