<?xml version="1.0" encoding="UTF-8"?>
<!-- Generated by org.testng.reporters.JUnitReportReporter -->
<testsuite hostname="DESKTOP-EG5QUVK" failures="0" tests="1" name="test.LoginTest" time="2.897" errors="0" timestamp="2023-01-18T16:46:27 CST" skipped="0">
  <testcase classname="test.LoginTest" name="ValidUserShouldBeAbleToLogin" time="2.897"/>
  <system-out/>
</testsuite> <!-- test.LoginTest -->
